<?xml version="1.0" encoding="UTF-8"?>
<!-- Generated by org.testng.reporters.JUnitReportReporter -->
<testsuite hostname="DESKTOP-3SMAAC0" failures="0" tests="1" name="tests.Tests" time="41.778" errors="0" timestamp="2021-02-27T00:09:52 CET" skipped="0">
  <testcase classname="tests.Tests" name="playGame" time="41.778"/>
  <system-out/>
</testsuite> <!-- tests.Tests -->
